<?xml version="1.0" encoding="UTF-8"?>
<?xml-stylesheet type="text/xsl" href="ivy-report.xsl"?>
<ivy-report version="1.0">
	<info
		organisation="default"
		module="default-6bfff0"
		revision="0.1-SNAPSHOT"
		extra-sbtVersion="0.12"
		extra-scalaVersion="2.9.2"
		conf="test"
		confs="compile, runtime, test, provided, optional, compile-internal, runtime-internal, test-internal, plugin, sources, docs, pom"
		date="20140519201929"/>
	<dependencies>
		<module organisation="com.typesafe.sbt" name="sbt-multi-jvm">
			<revision name="0.3.4" status="release" pubdate="20121101095025" resolver="sbt-plugin-releases" artresolver="sbt-plugin-releases" extra-sbtVersion="0.12" extra-scalaVersion="2.9.2" downloaded="false" searched="false" default="false" conf="default(compile), compile" position="6">
				<metadata-artifact status="no" details="" size="1955" time="0" location="C:\Users\modongsong\.ivy2\cache\scala_2.9.2\sbt_0.12\com.typesafe.sbt\sbt-multi-jvm\ivy-0.3.4.xml" searched="false" origin-is-local="false" origin-location="http://scalasbt.artifactoryonline.com/scalasbt/sbt-plugin-releases/com.typesafe.sbt/sbt-multi-jvm/scala_2.9.2/sbt_0.12/0.3.4/ivys/ivy.xml"/>
				<caller organisation="default" name="default-6bfff0" conf="test, compile, runtime" rev="0.3.4" rev-constraint-default="0.3.4" rev-constraint-dynamic="0.3.4" callerrev="0.1-SNAPSHOT" extra-sbtVersion="0.12" extra-scalaVersion="2.9.2"/>
				<artifacts>
					<artifact name="sbt-multi-jvm" type="jar" ext="jar" status="no" details="" size="151383" time="0" location="C:\Users\modongsong\.ivy2\cache\scala_2.9.2\sbt_0.12\com.typesafe.sbt\sbt-multi-jvm\jars\sbt-multi-jvm-0.3.4.jar">
						<origin-location is-local="false" location="http://scalasbt.artifactoryonline.com/scalasbt/sbt-plugin-releases/com.typesafe.sbt/sbt-multi-jvm/scala_2.9.2/sbt_0.12/0.3.4/jars/sbt-multi-jvm.jar"/>
					</artifact>
				</artifacts>
			</revision>
		</module>
		<module organisation="com.typesafe.startscript" name="xsbt-start-script-plugin">
			<revision name="0.5.3" status="release" pubdate="20120815163837" resolver="typesafe-ivy-releases" artresolver="typesafe-ivy-releases" extra-sbtVersion="0.12" extra-scalaVersion="2.9.2" downloaded="false" searched="false" default="false" conf="default(compile), compile" position="5">
				<metadata-artifact status="no" details="" size="2170" time="0" location="C:\Users\modongsong\.ivy2\cache\scala_2.9.2\sbt_0.12\com.typesafe.startscript\xsbt-start-script-plugin\ivy-0.5.3.xml" searched="false" origin-is-local="false" origin-location="http://repo.typesafe.com/typesafe/ivy-releases/com.typesafe.startscript/xsbt-start-script-plugin/scala_2.9.2/sbt_0.12/0.5.3/ivys/ivy.xml"/>
				<caller organisation="default" name="default-6bfff0" conf="test, compile, runtime" rev="0.5.3" rev-constraint-default="0.5.3" rev-constraint-dynamic="0.5.3" callerrev="0.1-SNAPSHOT" extra-sbtVersion="0.12" extra-scalaVersion="2.9.2"/>
				<artifacts>
					<artifact name="xsbt-start-script-plugin" type="jar" ext="jar" status="no" details="" size="64230" time="0" location="C:\Users\modongsong\.ivy2\cache\scala_2.9.2\sbt_0.12\com.typesafe.startscript\xsbt-start-script-plugin\jars\xsbt-start-script-plugin-0.5.3.jar">
						<origin-location is-local="false" location="http://repo.typesafe.com/typesafe/ivy-releases/com.typesafe.startscript/xsbt-start-script-plugin/scala_2.9.2/sbt_0.12/0.5.3/jars/xsbt-start-script-plugin.jar"/>
					</artifact>
				</artifacts>
			</revision>
		</module>
		<module organisation="com.eed3si9n" name="sbt-assembly">
			<revision name="0.8.7" status="release" pubdate="20130319095841" resolver="sbt-plugin-releases" artresolver="sbt-plugin-releases" extra-sbtVersion="0.12" extra-scalaVersion="2.9.2" downloaded="false" searched="false" default="false" conf="default(compile), compile" position="4">
				<license name="MIT License" url="https://github.com/sbt/sbt-assembly/blob/master/LICENSE"/>
				<metadata-artifact status="no" details="" size="1745" time="0" location="C:\Users\modongsong\.ivy2\cache\scala_2.9.2\sbt_0.12\com.eed3si9n\sbt-assembly\ivy-0.8.7.xml" searched="false" origin-is-local="false" origin-location="http://scalasbt.artifactoryonline.com/scalasbt/sbt-plugin-releases/com.eed3si9n/sbt-assembly/scala_2.9.2/sbt_0.12/0.8.7/ivys/ivy.xml"/>
				<caller organisation="default" name="default-6bfff0" conf="test, compile, runtime" rev="0.8.7" rev-constraint-default="0.8.7" rev-constraint-dynamic="0.8.7" callerrev="0.1-SNAPSHOT" extra-sbtVersion="0.12" extra-scalaVersion="2.9.2"/>
				<caller organisation="com.typesafe.sbt" name="sbt-multi-jvm" conf="compile" rev="0.8.3" rev-constraint-default="0.8.3" rev-constraint-dynamic="0.8.3" callerrev="0.3.4" extra-sbtVersion="0.12" extra-scalaVersion="2.9.2"/>
				<artifacts>
					<artifact name="sbt-assembly" type="jar" ext="jar" status="no" details="" size="116420" time="0" location="C:\Users\modongsong\.ivy2\cache\scala_2.9.2\sbt_0.12\com.eed3si9n\sbt-assembly\jars\sbt-assembly-0.8.7.jar">
						<origin-location is-local="false" location="http://scalasbt.artifactoryonline.com/scalasbt/sbt-plugin-releases/com.eed3si9n/sbt-assembly/scala_2.9.2/sbt_0.12/0.8.7/jars/sbt-assembly.jar"/>
					</artifact>
				</artifacts>
			</revision>
			<revision name="0.8.3" evicted="latest-revision" evicted-reason="" extra-sbtVersion="0.12" extra-scalaVersion="2.9.2" downloaded="false" searched="false" conf="default(compile), compile" position="-1">
				<evicted-by rev="0.8.7"/>
				<caller organisation="com.typesafe.sbt" name="sbt-multi-jvm" conf="compile" rev="0.8.3" rev-constraint-default="0.8.3" rev-constraint-dynamic="0.8.3" callerrev="0.3.4" extra-sbtVersion="0.12" extra-scalaVersion="2.9.2"/>
				<artifacts>
				</artifacts>
			</revision>
		</module>
		<module organisation="com.github.mpeltonen" name="sbt-idea">
			<revision name="1.4.0" status="release" pubdate="20130416193010" resolver="public" artresolver="public" homepage="http://your.project.url" extra-sbtVersion="0.12" extra-scalaVersion="2.9.2" downloaded="false" searched="false" default="false" conf="default(compile), default, compile, runtime, master" position="2">
				<license name="BSD-style" url="http://www.opensource.org/licenses/BSD-3-Clause"/>
				<metadata-artifact status="no" details="" size="3510" time="0" location="C:\Users\modongsong\.ivy2\cache\scala_2.9.2\sbt_0.12\com.github.mpeltonen\sbt-idea\ivy-1.4.0.xml" searched="false" origin-is-local="false" origin-location="http://repo1.maven.org/maven2/com/github/mpeltonen/sbt-idea_2.9.2_0.12/1.4.0/sbt-idea-1.4.0.pom"/>
				<caller organisation="default" name="default-6bfff0" conf="test, compile, runtime" rev="1.4.0" rev-constraint-default="1.4.0" rev-constraint-dynamic="1.4.0" callerrev="0.1-SNAPSHOT" extra-sbtVersion="0.12" extra-scalaVersion="2.9.2"/>
				<artifacts>
					<artifact name="sbt-idea" type="jar" ext="jar" status="no" details="" size="340865" time="0" location="C:\Users\modongsong\.ivy2\cache\scala_2.9.2\sbt_0.12\com.github.mpeltonen\sbt-idea\jars\sbt-idea-1.4.0.jar">
						<origin-location is-local="false" location="http://repo1.maven.org/maven2/com/github/mpeltonen/sbt-idea_2.9.2_0.12/1.4.0/sbt-idea-1.4.0.jar"/>
					</artifact>
				</artifacts>
			</revision>
		</module>
		<module organisation="commons-io" name="commons-io">
			<revision name="2.0.1" status="release" pubdate="20101227011931" resolver="public" artresolver="public" homepage="http://commons.apache.org/io/" downloaded="false" searched="false" default="false" conf="compile, master(*), runtime, compile(*), runtime(*), master" position="3">
				<metadata-artifact status="no" details="" size="6299" time="0" location="C:\Users\modongsong\.ivy2\cache\commons-io\commons-io\ivy-2.0.1.xml" searched="false" origin-is-local="false" origin-location="http://repo1.maven.org/maven2/commons-io/commons-io/2.0.1/commons-io-2.0.1.pom"/>
				<caller organisation="com.github.mpeltonen" name="sbt-idea" conf="default, compile, runtime, master" rev="2.0.1" rev-constraint-default="2.0.1" rev-constraint-dynamic="2.0.1" callerrev="1.4.0"/>
				<artifacts>
					<artifact name="commons-io" type="jar" ext="jar" status="no" details="" size="159509" time="0" location="C:\Users\modongsong\.ivy2\cache\commons-io\commons-io\jars\commons-io-2.0.1.jar">
						<origin-location is-local="false" location="http://repo1.maven.org/maven2/commons-io/commons-io/2.0.1/commons-io-2.0.1.jar"/>
					</artifact>
				</artifacts>
			</revision>
		</module>
		<module organisation="default" name="default-89106d">
			<revision name="0.0" status="integration" pubdate="20140519201924" resolver="inter-project" artresolver="inter-project" extra-sbtVersion="0.12" extra-scalaVersion="2.9.2" downloaded="false" searched="false" default="false" conf="default(compile), compile" position="0">
				<metadata-artifact status="failed" details="" size="0" time="0" searched="false"/>
				<caller organisation="default" name="default-6bfff0" conf="test, compile, runtime" rev="0.0" rev-constraint-default="0.0" rev-constraint-dynamic="0.0" callerrev="0.1-SNAPSHOT" extra-sbtVersion="0.12" extra-scalaVersion="2.9.2"/>
				<artifacts>
				</artifacts>
			</revision>
		</module>
		<module organisation="org.jetbrains" name="sbt-structure">
			<revision name="2.2.1" status="release" pubdate="20140217164133" resolver="sbt-plugin-releases" artresolver="sbt-plugin-releases" extra-sbtVersion="0.12" extra-scalaVersion="2.9.2" downloaded="false" searched="false" default="false" conf="default(compile), compile" position="1">
				<metadata-artifact status="no" details="" size="1910" time="0" location="C:\Users\modongsong\.ivy2\cache\scala_2.9.2\sbt_0.12\org.jetbrains\sbt-structure\ivy-2.2.1.xml" searched="false" origin-is-local="false" origin-location="http://scalasbt.artifactoryonline.com/scalasbt/sbt-plugin-releases/org.jetbrains/sbt-structure/scala_2.9.2/sbt_0.12/2.2.1/ivys/ivy.xml"/>
				<caller organisation="default" name="default-89106d" conf="compile" rev="2.2.1" rev-constraint-default="2.2.1" rev-constraint-dynamic="2.2.1" callerrev="0.0" extra-sbtVersion="0.12" extra-scalaVersion="2.9.2"/>
				<artifacts>
					<artifact name="sbt-structure" type="jar" ext="jar" status="no" details="" size="199428" time="0" location="C:\Users\modongsong\.ivy2\cache\scala_2.9.2\sbt_0.12\org.jetbrains\sbt-structure\jars\sbt-structure-2.2.1.jar">
						<origin-location is-local="false" location="http://scalasbt.artifactoryonline.com/scalasbt/sbt-plugin-releases/org.jetbrains/sbt-structure/scala_2.9.2/sbt_0.12/2.2.1/jars/sbt-structure.jar"/>
					</artifact>
				</artifacts>
			</revision>
		</module>
	</dependencies>
</ivy-report>
